TN:
SF:server/config.js
FNF:0
FNH:0
DA:4,3
DA:5,3
DA:6,3
DA:7,3
LF:4
LH:4
BRDA:10,0,0,3
BRDA:10,0,1,3
BRF:2
BRH:2
end_of_record
TN:
SF:server/controller.js
FN:4,(anonymous_0)
FN:8,(anonymous_1)
FNF:2
FNH:2
FNDA:4,(anonymous_0)
FNDA:1,(anonymous_1)
DA:5,4
DA:9,1
LF:2
LH:2
BRF:0
BRH:0
end_of_record
TN:
SF:server/routes.js
FN:11,routes
FN:58,handleError
FN:70,handler
FN:71,(anonymous_3)
FNF:4
FNH:4
FNDA:8,routes
FNDA:2,handleError
FNDA:8,handler
FNDA:2,(anonymous_3)
DA:8,3
DA:9,3
DA:12,8
DA:14,8
DA:15,1
DA:19,1
DA:22,7
DA:23,1
DA:29,1
DA:32,6
DA:33,1
DA:39,1
DA:43,5
DA:44,4
DA:45,2
DA:46,2
DA:47,1
DA:51,2
DA:54,1
DA:55,1
DA:59,2
DA:60,1
DA:61,1
DA:62,1
DA:65,1
DA:66,1
DA:67,1
DA:71,8
DA:72,2
LF:29
LH:29
BRDA:14,0,0,1
BRDA:14,0,1,7
BRDA:14,1,0,8
BRDA:14,1,1,7
BRDA:22,2,0,1
BRDA:22,2,1,6
BRDA:22,3,0,7
BRDA:22,3,1,6
BRDA:32,4,0,1
BRDA:32,4,1,5
BRDA:32,5,0,6
BRDA:32,5,1,5
BRDA:43,6,0,4
BRDA:43,6,1,1
BRDA:46,7,0,1
BRDA:46,7,1,1
BRDA:59,8,0,1
BRDA:59,8,1,1
BRF:18
BRH:18
end_of_record
TN:
SF:server/service.js
FN:11,(anonymous_0)
FN:15,(anonymous_1)
FN:27,(anonymous_2)
FNF:3
FNH:3
FNDA:1,(anonymous_0)
FNDA:1,(anonymous_1)
FNDA:1,(anonymous_2)
DA:8,3
DA:12,1
DA:17,1
DA:19,1
DA:20,1
DA:21,1
DA:28,1
DA:29,1
LF:8
LH:8
BRF:0
BRH:0
end_of_record
TN:
SF:server/util.js
FNF:0
FNH:0
DA:3,3
DA:13,3
LF:2
LH:2
BRF:0
BRH:0
end_of_record
